[2013-08-17 15-08-16] HTTP/1.1 200 OK
Server: nginx
Date: Sat, 17 Aug 2013 13:08:26 GMT
Content-Type: text/html
Content-Length: 2
Connection: close
X-Generated-in: 0.0072
X-HGenerator: hurvinek.hdc1.cz
Cache-Control: no-cache, no-store, must-revalidate
Pragma: no-cache
Expires: 1 January, 1970 00:00:01 GMT

ok  @  http://localhost/platon/www/smart-panel/order-detail?orderid=35&statusID=3&name=Done&progress=10&lang=cs&do=setStatus
[2013-08-17 15-09-10] HTTP/1.1 200 OK
Server: nginx
Date: Sat, 17 Aug 2013 13:09:20 GMT
Content-Type: text/html
Content-Length: 2
Connection: close
X-Generated-in: 0.0088
X-HGenerator: hurvinek.hdc1.cz
Cache-Control: no-cache, no-store, must-revalidate
Pragma: no-cache
Expires: 1 January, 1970 00:00:01 GMT

ok  @  http://localhost/platon/www/smart-panel/order-detail?orderid=35&statusID=3&name=Done&progress=10&lang=cs&do=setStatus
[2013-08-18 10-29-43] Nette\Utils\AssertionException: The header 'From' expects to be email, string '<aa@aa.com>' given. in C:\xampp\htdocs\platon\libs\Nette\Utils\Validators.php:90  @  http://localhost/platon/www/product/product/16?slug=Thinkpad&lang=cs&do=askForm-submit  @@  exception-2013-08-18-10-29-43-8d2fa1007ec9bca2ef14f0d6014ed702.html
[2013-08-18 11-38-42] Nette\Utils\AssertionException: The header 'From' expects to be email, string '<ja@ja.co>' given. in C:\xampp\htdocs\platon\libs\Nette\Utils\Validators.php:90  @  http://localhost/platon/www/product/product/4?slug=Nokia+3310+&lang=cs&do=askForm-submit  @@  exception-2013-08-18-11-38-42-fda2918a79b0bee6b1b5c6ca94cc91af.html
[2013-08-18 16-27-10] Nette\MemberAccessException: Cannot read an undeclared property bankwireModule::$context. in C:\Program Files (x86)\EasyPHP-DevServer-13.1VC9\data\localweb\platon\libs\Nette\common\ObjectMixin.php:147  @  http://localhost/platon/www/smart-panel/order-detail?orderid=37&statusID=1&name=Pending&progress=1&lang=cs&do=setStatus  @@  exception-2013-08-18-16-27-10-90226b09187ce142cc659d4b9d396793.html
[2013-08-18 16-35-30] Nette\MemberAccessException: Cannot read an undeclared property bankwireModule::$context. in C:\Program Files (x86)\EasyPHP-DevServer-13.1VC9\data\localweb\platon\libs\Nette\common\ObjectMixin.php:147  @  http://localhost/platon/www/smart-panel/order-detail?orderid=37&statusID=1&name=Pending&progress=1&lang=cs&do=setStatus  @@  exception-2013-08-18-16-35-30-5c8fd683bfb0a2ed839162d8807f6fdd.html
[2013-08-18 16-36-06] Nette\MemberAccessException: Cannot read an undeclared property bankwireModule::$context. in C:\Program Files (x86)\EasyPHP-DevServer-13.1VC9\data\localweb\platon\libs\Nette\common\ObjectMixin.php:147  @  http://localhost/platon/www/smart-panel/order-detail?orderid=37&statusID=2&name=Pending&progress=1&lang=cs&do=setStatus  @@  exception-2013-08-18-16-36-06-18ee1ff3bdb656e9669cb08872d24fbf.html
[2013-08-18 16-45-56] Nette\MemberAccessException: Cannot read an undeclared property bankwireModule::$context. in C:\Program Files (x86)\EasyPHP-DevServer-13.1VC9\data\localweb\platon\libs\Nette\common\ObjectMixin.php:147  @  http://localhost/platon/www/smart-panel/order-detail?orderid=37&statusID=2&name=Pending&progress=1&lang=cs&do=setStatus  @@  exception-2013-08-18-16-45-56-2dd856e042b3086b1d576a5486aea7f5.html
[2013-08-18 16-47-20] Nette\MemberAccessException: Cannot read an undeclared property bankwireModule::$context. in C:\Program Files (x86)\EasyPHP-DevServer-13.1VC9\data\localweb\platon\libs\Nette\common\ObjectMixin.php:147  @  http://localhost/platon/www/smart-panel/order-detail?orderid=37&statusID=2&name=Pending&progress=1&lang=cs&do=setStatus  @@  exception-2013-08-18-16-47-20-b91eb831445901a55e55fb2fef6592ab.html
[2013-08-18 16-49-14] Nette\MemberAccessException: Cannot read an undeclared property bankwireModule::$context. in C:\Program Files (x86)\EasyPHP-DevServer-13.1VC9\data\localweb\platon\libs\Nette\common\ObjectMixin.php:147  @  http://localhost/platon/www/smart-panel/order-detail?orderid=37&statusID=2&name=Pending&progress=1&lang=cs&do=setStatus  @@  exception-2013-08-18-16-49-14-39a132104ea083967eecb34215035edc.html
[2013-08-18 16-50-05] Nette\MemberAccessException: Cannot read an undeclared property bankwireModule::$context. in C:\Program Files (x86)\EasyPHP-DevServer-13.1VC9\data\localweb\platon\libs\Nette\common\ObjectMixin.php:147  @  http://localhost/platon/www/smart-panel/order-detail?orderid=37&statusID=2&name=Pending&progress=1&lang=cs&do=setStatus  @@  exception-2013-08-18-16-47-20-b91eb831445901a55e55fb2fef6592ab.html
[2013-08-18 16-51-19] Nette\MemberAccessException: Cannot read an undeclared property bankwireModule::$context. in C:\Program Files (x86)\EasyPHP-DevServer-13.1VC9\data\localweb\platon\libs\Nette\common\ObjectMixin.php:147  @  http://localhost/platon/www/smart-panel/order-detail?orderid=37&statusID=2&name=Pending&progress=1&lang=cs&do=setStatus  @@  exception-2013-08-18-16-47-20-b91eb831445901a55e55fb2fef6592ab.html
[2013-08-18 17-02-05] Nette\MemberAccessException: Cannot read an undeclared property bankwireModule::$context. in C:\Program Files (x86)\EasyPHP-DevServer-13.1VC9\data\localweb\platon\libs\Nette\common\ObjectMixin.php:147  @  http://localhost/platon/www/smart-panel/order-detail?orderid=37&statusID=2&name=Pending&progress=1&lang=cs&do=setStatus  @@  exception-2013-08-18-17-02-05-786396359bd12cb667e891b28c3e9ec6.html
[2013-08-18 17-04-07] Nette\MemberAccessException: Cannot read an undeclared property bankwireModule::$context. in C:\Program Files (x86)\EasyPHP-DevServer-13.1VC9\data\localweb\platon\libs\Nette\common\ObjectMixin.php:147  @  http://localhost/platon/www/smart-panel/order-detail?orderid=37&statusID=2&name=Pending&progress=1&lang=cs&do=setStatus  @@  exception-2013-08-18-17-04-07-aa504be8310a61ffb4e890f5805a7c7f.html
[2013-08-18 17-14-29] Nette\MemberAccessException: Cannot read an undeclared property bankwireModule::$context. in C:\Program Files (x86)\EasyPHP-DevServer-13.1VC9\data\localweb\platon\libs\Nette\common\ObjectMixin.php:147  @  http://localhost/platon/www/smart-panel/order-detail?orderid=37&statusID=2&name=Pending&progress=1&lang=cs&do=setStatus  @@  exception-2013-08-18-17-04-07-aa504be8310a61ffb4e890f5805a7c7f.html
[2013-08-18 17-17-22] Nette\MemberAccessException: Cannot read an undeclared property bankwireModule::$context. in C:\Program Files (x86)\EasyPHP-DevServer-13.1VC9\data\localweb\platon\libs\Nette\common\ObjectMixin.php:147  @  http://localhost/platon/www/smart-panel/order-detail?orderid=37&statusID=2&name=Pending&progress=1&lang=cs&do=setStatus  @@  exception-2013-08-18-16-36-06-18ee1ff3bdb656e9669cb08872d24fbf.html
[2013-08-18 17-19-31] Nette\MemberAccessException: Cannot read an undeclared property bankwireModule::$context. in C:\Program Files (x86)\EasyPHP-DevServer-13.1VC9\data\localweb\platon\libs\Nette\common\ObjectMixin.php:147  @  http://localhost/platon/www/smart-panel/order-detail?orderid=37&statusID=2&name=Pending&progress=1&lang=cs&do=setStatus  @@  exception-2013-08-18-16-45-56-2dd856e042b3086b1d576a5486aea7f5.html
[2013-08-18 17-21-14] Nette\MemberAccessException: Cannot read an undeclared property bankwireModule::$context. in C:\Program Files (x86)\EasyPHP-DevServer-13.1VC9\data\localweb\platon\libs\Nette\common\ObjectMixin.php:147  @  http://localhost/platon/www/smart-panel/order-detail?orderid=37&statusID=2&name=Pending&progress=1&lang=cs&do=setStatus  @@  exception-2013-08-18-16-47-20-b91eb831445901a55e55fb2fef6592ab.html
[2013-08-18 17-22-00] Nette\MemberAccessException: Cannot read an undeclared property bankwireModule::$context. in C:\Program Files (x86)\EasyPHP-DevServer-13.1VC9\data\localweb\platon\libs\Nette\common\ObjectMixin.php:147  @  http://localhost/platon/www/smart-panel/order-detail?orderid=37&statusID=2&name=Pending&progress=1&lang=cs&do=setStatus  @@  exception-2013-08-18-16-49-14-39a132104ea083967eecb34215035edc.html
[2013-08-18 17-22-53] Nette\MemberAccessException: Cannot read an undeclared property bankwireModule::$context. in C:\Program Files (x86)\EasyPHP-DevServer-13.1VC9\data\localweb\platon\libs\Nette\common\ObjectMixin.php:147  @  http://localhost/platon/www/smart-panel/order-detail?orderid=37&statusID=2&name=Pending&progress=1&lang=cs&do=setStatus  @@  exception-2013-08-18-17-22-53-64d66a971670843004de38b029292b31.html
[2013-08-18 17-24-48] Nette\InvalidStateException: Component 'bankwire' is not attached to 'Nette\Application\UI\Presenter'. in C:\Program Files (x86)\EasyPHP-DevServer-13.1VC9\data\localweb\platon\libs\Nette\ComponentModel\Component.php:83  @  http://localhost/platon/www/smart-panel/order-detail?orderid=37&statusID=2&name=Pending&progress=1&lang=cs&do=setStatus  @@  exception-2013-08-18-17-24-48-22eff1022af696697ed6e6afd191451d.html
[2013-08-18 17-25-58] Nette\InvalidStateException: Component '' is not attached to 'Nette\Application\UI\Presenter'. in C:\Program Files (x86)\EasyPHP-DevServer-13.1VC9\data\localweb\platon\libs\Nette\ComponentModel\Component.php:83  @  http://localhost/platon/www/smart-panel/order-detail?orderid=37&statusID=2&name=Pending&progress=1&lang=cs&do=setStatus  @@  exception-2013-08-18-17-25-58-8d5170a52e241cc7c80de185d07c1fb4.html
[2013-08-18 17-31-46] Nette\InvalidStateException: Component '' is not attached to 'Nette\Application\UI\Presenter'. in C:\Program Files (x86)\EasyPHP-DevServer-13.1VC9\data\localweb\platon\libs\Nette\ComponentModel\Component.php:83  @  http://localhost/platon/www/smart-panel/order-detail?orderid=37&statusID=2&name=Pending&progress=1&lang=cs&do=setStatus  @@  exception-2013-08-18-17-25-58-8d5170a52e241cc7c80de185d07c1fb4.html
[2013-08-20 11-06-32] Nette\MemberAccessException: Call to undefined method OrderPresenter::sendNoteMail(). in C:\Program Files (x86)\EasyPHP-DevServer-13.1VC9\data\localweb\platon\libs\Nette\common\ObjectMixin.php:70  @  http://localhost/platon/www/order/order-done?orderid=44&track=0332a4e78da54fba42245e4bf7e6c509&lang=cs&do=addNoteForm-submit  @@  exception-2013-08-20-11-06-32-7e0b2681fb6036808ad1e5c23961d417.html
[2013-08-20 11-13-15] Nette\InvalidStateException: Component 'bankwire' is not attached to 'Nette\Application\UI\Presenter'. in C:\Program Files (x86)\EasyPHP-DevServer-13.1VC9\data\localweb\platon\libs\Nette\ComponentModel\Component.php:83  @  http://localhost/platon/www/order/cart?lang=cs&do=cartForm-submit  @@  exception-2013-08-20-11-13-15-9799e7ddeb6319deb9cf6d1ffa971abb.html
[2013-08-20 15-43-16] Nette\Database\Reflection\MissingReferenceException: No reference found for $product->price. in C:\Program Files (x86)\EasyPHP-DevServer-13.1VC9\data\localweb\platon\libs\Nette\Database\Reflection\DiscoveredReflection.php:154  @  http://localhost/platon/www/product/product/4?slug=Nokia+3310+&lang=cs&do=addProductVariantForm-submit  @@  exception-2013-08-20-15-43-16-e0cc2d3fd89e342388b6a274086b12bc.html
[2013-08-20 15-45-21] Nette\Database\Reflection\MissingReferenceException: No reference found for $product->price. in C:\Program Files (x86)\EasyPHP-DevServer-13.1VC9\data\localweb\platon\libs\Nette\Database\Reflection\DiscoveredReflection.php:154  @  http://localhost/platon/www/product/product/4?slug=Nokia+3310+&lang=cs&do=addProductVariantForm-submit  @@  exception-2013-08-20-15-45-21-1bfe92ce7292bdc73db54eb9ad521d34.html
[2013-08-20 15-46-50] Nette\Database\Reflection\MissingReferenceException: No reference found for $product->price. in C:\Program Files (x86)\EasyPHP-DevServer-13.1VC9\data\localweb\platon\libs\Nette\Database\Reflection\DiscoveredReflection.php:154  @  http://localhost/platon/www/product/product/4?slug=Nokia+3310+&lang=cs&do=addProductVariantForm-submit  @@  exception-2013-08-20-15-46-50-f39a612d78cb9fd8baec55bc99a949ab.html
[2013-08-20 15-48-02] Nette\Database\Reflection\MissingReferenceException: No reference found for $product->price. in C:\Program Files (x86)\EasyPHP-DevServer-13.1VC9\data\localweb\platon\libs\Nette\Database\Reflection\DiscoveredReflection.php:154  @  http://localhost/platon/www/product/product/4?slug=Nokia+3310+&lang=cs&do=addProductVariantForm-submit  @@  exception-2013-08-20-15-48-02-bef357bf278bec8147a9dfa15e8e47d8.html
